<?xml version="1.0" encoding="UTF-8"?>
<!-- Generated by org.testng.reporters.JUnitReportReporter -->
<testsuite hostname="LAPTOP-2DHTLVVT" failures="0" tests="1" name="gitBasProgTest.Test1" time="0.005" errors="0" timestamp="2024-03-08T10:43:57 IST" skipped="0">
  <testcase classname="gitBasProgTest.Test1" name="test1" time="0.005"/>
</testsuite> <!-- gitBasProgTest.Test1 -->
