<?xml version="1.0" encoding="UTF-8"?>
<!-- Generated by org.testng.reporters.JUnitReportReporter -->
<testsuite hostname="LAPTOP-2DHTLVVT" failures="0" tests="1" name="gitBasProgTest.Test5" time="0.020" errors="0" timestamp="2024-03-08T10:43:57 IST" skipped="0">
  <testcase classname="gitBasProgTest.Test5" name="test4" time="0.020"/>
</testsuite> <!-- gitBasProgTest.Test5 -->
