<?xml version="1.0" encoding="UTF-8"?>
<!-- Generated by org.testng.reporters.JUnitReportReporter -->
<testsuite hostname="LAPTOP-2DHTLVVT" failures="0" tests="1" name="gitBasProgTest.Test2" time="0.002" errors="0" timestamp="2024-03-08T10:43:57 IST" skipped="0">
  <testcase classname="gitBasProgTest.Test2" name="test2" time="0.002"/>
</testsuite> <!-- gitBasProgTest.Test2 -->
